<?xml version="1.0" encoding="UTF-8"?>
<!-- Generated by org.testng.reporters.JUnitReportReporter -->
<testsuite name="testcases.TC_001" tests="1" time="6.050" ignored="0" failures="0" timestamp="18 Jun 2017 09:52:58 GMT" skipped="0" hostname="LAPTOP-70VDEEM7" errors="0">
  <testcase name="testcase1" time="6.050" classname="testcases.TC_001"/>
</testsuite> <!-- testcases.TC_001 -->
